<?xml version="1.0" encoding="UTF-8"?>
<!-- Generated by org.testng.reporters.JUnitXMLReporter -->
<testsuite ignored="0" hostname="Sanjay-Asus" failures="0" tests="5" name="Default test" time="0.076" errors="0" timestamp="2023-06-15T20:29:46 IST">
  <testcase classname="com.test.TestNGDemo.ParallelTest" name="T02" time="0.007"/>
  <testcase classname="com.test.TestNGDemo.ParallelTest" name="T03" time="0.002"/>
  <testcase classname="com.test.TestNGDemo.ParallelTest" name="T04" time="0.003"/>
  <testcase classname="com.test.TestNGDemo.ParallelTest" name="T05" time="0.004"/>
  <testcase classname="com.test.TestNGDemo.ParallelTest" name="T01" time="0.001"/>
</testsuite> <!-- Default test -->
