<?xml version="1.0" encoding="UTF-8"?>
<!-- Generated by org.testng.reporters.JUnitXMLReporter -->
<testsuite ignored="0" hostname="Sanjay-Asus" failures="0" tests="5" name="Testno" time="0.065" errors="0" timestamp="2023-05-24T12:11:44 IST">
  <testcase classname="com.test.TestNGDemo.ParallelTest" name="T02" time="0.007"/>
  <testcase classname="com.test.TestNGDemo.ParallelTest" name="T04" time="0.011"/>
  <testcase classname="com.test.TestNGDemo.ParallelTest" name="T03" time="0.014"/>
  <testcase classname="com.test.TestNGDemo.ParallelTest" name="T05" time="0.005"/>
  <testcase classname="com.test.TestNGDemo.ParallelTest" name="T01" time="0.002"/>
</testsuite> <!-- Testno -->
