<?xml version="1.0" encoding="UTF-8"?>
<testng-results ignored="0" total="5" passed="5" failed="0" skipped="0">
  <reporter-output>
  </reporter-output>
  <suite started-at="2023-06-15T20:29:46 IST" name="Default suite" finished-at="2023-06-15T20:29:46 IST" duration-ms="76">
    <groups>
    </groups>
    <test started-at="2023-06-15T20:29:46 IST" name="Default test" finished-at="2023-06-15T20:29:46 IST" duration-ms="76">
      <class name="com.test.TestNGDemo.ParallelTest">
        <test-method is-config="true" signature="beforeTest()[pri:0, instance:com.test.TestNGDemo.ParallelTest@32502377]" started-at="2023-06-15T20:29:46 IST" name="beforeTest" finished-at="2023-06-15T20:29:46 IST" duration-ms="6" status="PASS">
          <reporter-output>
          </reporter-output>
        </test-method> <!-- beforeTest -->
        <test-method signature="T02()[pri:0, instance:com.test.TestNGDemo.ParallelTest@32502377]" started-at="2023-06-15T20:29:46 IST" name="T02" finished-at="2023-06-15T20:29:46 IST" duration-ms="7" status="PASS">
          <reporter-output>
          </reporter-output>
        </test-method> <!-- T02 -->
        <test-method signature="T03()[pri:0, instance:com.test.TestNGDemo.ParallelTest@32502377]" started-at="2023-06-15T20:29:46 IST" name="T03" finished-at="2023-06-15T20:29:46 IST" duration-ms="2" status="PASS">
          <reporter-output>
          </reporter-output>
        </test-method> <!-- T03 -->
        <test-method signature="T04()[pri:0, instance:com.test.TestNGDemo.ParallelTest@32502377]" started-at="2023-06-15T20:29:46 IST" name="T04" finished-at="2023-06-15T20:29:46 IST" duration-ms="3" status="PASS">
          <reporter-output>
          </reporter-output>
        </test-method> <!-- T04 -->
        <test-method signature="T05()[pri:0, instance:com.test.TestNGDemo.ParallelTest@32502377]" started-at="2023-06-15T20:29:46 IST" name="T05" finished-at="2023-06-15T20:29:46 IST" duration-ms="4" status="PASS">
          <reporter-output>
          </reporter-output>
        </test-method> <!-- T05 -->
        <test-method signature="T01()[pri:3, instance:com.test.TestNGDemo.ParallelTest@32502377]" started-at="2023-06-15T20:29:46 IST" name="T01" finished-at="2023-06-15T20:29:46 IST" duration-ms="1" status="PASS">
          <reporter-output>
          </reporter-output>
        </test-method> <!-- T01 -->
        <test-method is-config="true" signature="afterTest()[pri:0, instance:com.test.TestNGDemo.ParallelTest@32502377]" started-at="2023-06-15T20:29:46 IST" name="afterTest" finished-at="2023-06-15T20:29:46 IST" duration-ms="0" status="PASS">
          <reporter-output>
          </reporter-output>
        </test-method> <!-- afterTest -->
      </class> <!-- com.test.TestNGDemo.ParallelTest -->
    </test> <!-- Default test -->
  </suite> <!-- Default suite -->
</testng-results>
